android/app/build/intermediates/manifest_merge_blame_file/debug/manifest-merger-blame-debug-report.txt
1<?xml version="1.0" encoding="utf-8"?>
2<manifest xmlns:android="http://schemas.android.com/apk/res/android"
3    package="com.devamart"
4    android:versionCode="1"
5    android:versionName="1.0" >
6
7    <uses-sdk
8        android:minSdkVersion="21"
9        android:targetSdkVersion="29" />
10
11    <uses-permission android:name="android.permission.SYSTEM_ALERT_WINDOW" />
11-->src/debug/AndroidManifest.xml:5:5-77
11-->src/debug/AndroidManifest.xml:5:22-75
12    <uses-permission android:name="android.permission.INTERNET" />
12-->src/main/AndroidManifest.xml:4:5-67
12-->src/main/AndroidManifest.xml:4:22-64
13    <uses-permission android:name="android.permission.CAMERA" />
13-->src/main/AndroidManifest.xml:5:5-65
13-->src/main/AndroidManifest.xml:5:22-62
14    <uses-permission android:name="android.permission.WRITE_EXTERNAL_STORAGE" />
14-->src/main/AndroidManifest.xml:6:1-76
14-->src/main/AndroidManifest.xml:6:18-74
15    <uses-permission android:name="android.permission.ACCESS_WIFI_STATE" />
15-->[com.facebook.flipper:flipper:0.75.1] AndroidManifest.xml:16:5-76
15-->[com.facebook.flipper:flipper:0.75.1] AndroidManifest.xml:16:22-73
16    <uses-permission android:name="android.permission.WAKE_LOCK" />
16-->[:react-native-firebase_messaging] AndroidManifest.xml:12:5-68
16-->[:react-native-firebase_messaging] AndroidManifest.xml:12:22-65
17    <uses-permission android:name="android.permission.ACCESS_NETWORK_STATE" /> <!-- Required by older versions of Google Play services to create IID tokens -->
17-->[:react-native-firebase_messaging] AndroidManifest.xml:13:5-79
17-->[:react-native-firebase_messaging] AndroidManifest.xml:13:22-76
18    <uses-permission android:name="com.google.android.c2dm.permission.RECEIVE" /> <!-- for android -->
18-->[com.google.firebase:firebase-messaging:22.0.0] AndroidManifest.xml:25:5-82
18-->[com.google.firebase:firebase-messaging:22.0.0] AndroidManifest.xml:25:22-79
19    <!-- <uses-permission android:name="com.android.launcher.permission.READ_SETTINGS"/> -->
20    <!-- <uses-permission android:name="com.android.launcher.permission.WRITE_SETTINGS"/> -->
21    <!-- <uses-permission android:name="com.android.launcher.permission.INSTALL_SHORTCUT" /> -->
22    <!-- <uses-permission android:name="com.android.launcher.permission.UNINSTALL_SHORTCUT" /> -->
23    <!-- for Samsung -->
24    <uses-permission android:name="com.sec.android.provider.badge.permission.READ" />
24-->[me.leolin:ShortcutBadger:1.1.22] AndroidManifest.xml:19:5-86
24-->[me.leolin:ShortcutBadger:1.1.22] AndroidManifest.xml:19:22-83
25    <uses-permission android:name="com.sec.android.provider.badge.permission.WRITE" /> <!-- for htc -->
25-->[me.leolin:ShortcutBadger:1.1.22] AndroidManifest.xml:20:5-87
25-->[me.leolin:ShortcutBadger:1.1.22] AndroidManifest.xml:20:22-84
26    <uses-permission android:name="com.htc.launcher.permission.READ_SETTINGS" />
26-->[me.leolin:ShortcutBadger:1.1.22] AndroidManifest.xml:23:5-81
26-->[me.leolin:ShortcutBadger:1.1.22] AndroidManifest.xml:23:22-78
27    <uses-permission android:name="com.htc.launcher.permission.UPDATE_SHORTCUT" /> <!-- for sony -->
27-->[me.leolin:ShortcutBadger:1.1.22] AndroidManifest.xml:24:5-83
27-->[me.leolin:ShortcutBadger:1.1.22] AndroidManifest.xml:24:22-80
28    <uses-permission android:name="com.sonyericsson.home.permission.BROADCAST_BADGE" />
28-->[me.leolin:ShortcutBadger:1.1.22] AndroidManifest.xml:27:5-88
28-->[me.leolin:ShortcutBadger:1.1.22] AndroidManifest.xml:27:22-85
29    <uses-permission android:name="com.sonymobile.home.permission.PROVIDER_INSERT_BADGE" /> <!-- for apex -->
29-->[me.leolin:ShortcutBadger:1.1.22] AndroidManifest.xml:28:5-92
29-->[me.leolin:ShortcutBadger:1.1.22] AndroidManifest.xml:28:22-89
30    <uses-permission android:name="com.anddoes.launcher.permission.UPDATE_COUNT" /> <!-- for solid -->
30-->[me.leolin:ShortcutBadger:1.1.22] AndroidManifest.xml:31:5-84
30-->[me.leolin:ShortcutBadger:1.1.22] AndroidManifest.xml:31:22-81
31    <uses-permission android:name="com.majeur.launcher.permission.UPDATE_BADGE" /> <!-- for huawei -->
31-->[me.leolin:ShortcutBadger:1.1.22] AndroidManifest.xml:34:5-83
31-->[me.leolin:ShortcutBadger:1.1.22] AndroidManifest.xml:34:22-80
32    <uses-permission android:name="com.huawei.android.launcher.permission.CHANGE_BADGE" />
32-->[me.leolin:ShortcutBadger:1.1.22] AndroidManifest.xml:37:5-91
32-->[me.leolin:ShortcutBadger:1.1.22] AndroidManifest.xml:37:22-88
33    <uses-permission android:name="com.huawei.android.launcher.permission.READ_SETTINGS" />
33-->[me.leolin:ShortcutBadger:1.1.22] AndroidManifest.xml:38:5-92
33-->[me.leolin:ShortcutBadger:1.1.22] AndroidManifest.xml:38:22-89
34    <uses-permission android:name="com.huawei.android.launcher.permission.WRITE_SETTINGS" /> <!-- for ZUK -->
34-->[me.leolin:ShortcutBadger:1.1.22] AndroidManifest.xml:39:5-93
34-->[me.leolin:ShortcutBadger:1.1.22] AndroidManifest.xml:39:22-90
35    <uses-permission android:name="android.permission.READ_APP_BADGE" /> <!-- for OPPO -->
35-->[me.leolin:ShortcutBadger:1.1.22] AndroidManifest.xml:42:5-73
35-->[me.leolin:ShortcutBadger:1.1.22] AndroidManifest.xml:42:22-70
36    <uses-permission android:name="com.oppo.launcher.permission.READ_SETTINGS" />
36-->[me.leolin:ShortcutBadger:1.1.22] AndroidManifest.xml:45:5-82
36-->[me.leolin:ShortcutBadger:1.1.22] AndroidManifest.xml:45:22-79
37    <uses-permission android:name="com.oppo.launcher.permission.WRITE_SETTINGS" /> <!-- for EvMe -->
37-->[me.leolin:ShortcutBadger:1.1.22] AndroidManifest.xml:46:5-83
37-->[me.leolin:ShortcutBadger:1.1.22] AndroidManifest.xml:46:22-80
38    <uses-permission android:name="me.everything.badger.permission.BADGE_COUNT_READ" />
38-->[me.leolin:ShortcutBadger:1.1.22] AndroidManifest.xml:49:5-88
38-->[me.leolin:ShortcutBadger:1.1.22] AndroidManifest.xml:49:22-85
39    <uses-permission android:name="me.everything.badger.permission.BADGE_COUNT_WRITE" />
39-->[me.leolin:ShortcutBadger:1.1.22] AndroidManifest.xml:50:5-89
39-->[me.leolin:ShortcutBadger:1.1.22] AndroidManifest.xml:50:22-86
40
41    <application
41-->src/main/AndroidManifest.xml:8:5-26:19
42        android:name="com.devamart.MainApplication"
42-->src/main/AndroidManifest.xml:9:7-38
43        android:allowBackup="false"
43-->src/main/AndroidManifest.xml:13:7-34
44        android:appComponentFactory="androidx.core.app.CoreComponentFactory"
44-->[androidx.core:core:1.3.1] AndroidManifest.xml:24:18-86
45        android:debuggable="true"
46        android:icon="@mipmap/ic_launcher"
46-->src/main/AndroidManifest.xml:11:7-41
47        android:label="@string/app_name"
47-->src/main/AndroidManifest.xml:10:7-39
48        android:roundIcon="@mipmap/ic_launcher_round"
48-->src/main/AndroidManifest.xml:12:7-52
49        android:theme="@style/AppTheme"
49-->src/main/AndroidManifest.xml:14:7-38
50        android:usesCleartextTraffic="true" >
50-->src/debug/AndroidManifest.xml:8:9-44
51        <activity android:name="com.facebook.react.devsupport.DevSettingsActivity" />
51-->src/debug/AndroidManifest.xml:11:9-86
51-->src/debug/AndroidManifest.xml:11:19-83
52        <activity
52-->src/main/AndroidManifest.xml:15:7-25:18
53            android:name="com.devamart.MainActivity"
53-->src/main/AndroidManifest.xml:16:9-37
54            android:configChanges="keyboard|keyboardHidden|orientation|screenSize|uiMode"
54-->src/main/AndroidManifest.xml:18:9-86
55            android:label="@string/app_name"
55-->src/main/AndroidManifest.xml:17:9-41
56            android:launchMode="singleTask"
56-->src/main/AndroidManifest.xml:19:9-40
57            android:windowSoftInputMode="adjustPan" >
57-->src/main/AndroidManifest.xml:20:9-48
58            <intent-filter>
58-->src/main/AndroidManifest.xml:21:9-24:25
59                <action android:name="android.intent.action.MAIN" />
59-->src/main/AndroidManifest.xml:22:13-65
59-->src/main/AndroidManifest.xml:22:21-62
60
61                <category android:name="android.intent.category.LAUNCHER" />
61-->src/main/AndroidManifest.xml:23:13-73
61-->src/main/AndroidManifest.xml:23:23-70
62            </intent-filter>
63        </activity>
64
65        <meta-data
65-->[:react-native-firebase_app] AndroidManifest.xml:12:9-14:36
66            android:name="app_data_collection_default_enabled"
66-->[:react-native-firebase_app] AndroidManifest.xml:13:13-63
67            android:value="true" />
67-->[:react-native-firebase_app] AndroidManifest.xml:14:13-33
68
69        <service
69-->[:react-native-firebase_app] AndroidManifest.xml:16:9-20:19
70            android:name="com.google.firebase.components.ComponentDiscoveryService"
70-->[:react-native-firebase_app] AndroidManifest.xml:16:18-89
71            android:directBootAware="true"
71-->[com.google.firebase:firebase-common:20.0.0] AndroidManifest.xml:35:13-43
72            android:exported="false" >
72-->[com.google.firebase:firebase-firestore:23.0.3] AndroidManifest.xml:19:13-37
73            <meta-data
73-->[:react-native-firebase_app] AndroidManifest.xml:17:13-19:85
74                android:name="com.google.firebase.components:io.invertase.firebase.app.ReactNativeFirebaseAppRegistrar"
74-->[:react-native-firebase_app] AndroidManifest.xml:18:17-120
75                android:value="com.google.firebase.components.ComponentRegistrar" />
75-->[:react-native-firebase_app] AndroidManifest.xml:19:17-82
76            <meta-data
76-->[:react-native-firebase] AndroidManifest.xml:17:13-19:85
77                android:name="com.google.firebase.components:io.invertase.firebase.ReactNativeFirebaseAppRegistrar"
77-->[:react-native-firebase] AndroidManifest.xml:18:17-116
78                android:value="com.google.firebase.components.ComponentRegistrar" />
78-->[:react-native-firebase] AndroidManifest.xml:19:17-82
79            <meta-data
79-->[com.google.firebase:firebase-firestore:23.0.3] AndroidManifest.xml:20:13-22:85
80                android:name="com.google.firebase.components:com.google.firebase.firestore.FirestoreRegistrar"
80-->[com.google.firebase:firebase-firestore:23.0.3] AndroidManifest.xml:21:17-111
81                android:value="com.google.firebase.components.ComponentRegistrar" />
81-->[com.google.firebase:firebase-firestore:23.0.3] AndroidManifest.xml:22:17-82
82            <meta-data
82-->[com.google.firebase:firebase-messaging:22.0.0] AndroidManifest.xml:52:13-54:85
83                android:name="com.google.firebase.components:com.google.firebase.messaging.FirebaseMessagingRegistrar"
83-->[com.google.firebase:firebase-messaging:22.0.0] AndroidManifest.xml:53:17-119
84                android:value="com.google.firebase.components.ComponentRegistrar" />
84-->[com.google.firebase:firebase-messaging:22.0.0] AndroidManifest.xml:54:17-82
85            <meta-data
85-->[com.google.firebase:firebase-datatransport:18.0.0] AndroidManifest.xml:28:13-30:85
86                android:name="com.google.firebase.components:com.google.firebase.datatransport.TransportRegistrar"
86-->[com.google.firebase:firebase-datatransport:18.0.0] AndroidManifest.xml:29:17-115
87                android:value="com.google.firebase.components.ComponentRegistrar" />
87-->[com.google.firebase:firebase-datatransport:18.0.0] AndroidManifest.xml:30:17-82
88            <meta-data
88-->[com.google.firebase:firebase-storage:20.0.0] AndroidManifest.xml:33:13-35:85
89                android:name="com.google.firebase.components:com.google.firebase.storage.StorageRegistrar"
89-->[com.google.firebase:firebase-storage:20.0.0] AndroidManifest.xml:34:17-107
90                android:value="com.google.firebase.components.ComponentRegistrar" />
90-->[com.google.firebase:firebase-storage:20.0.0] AndroidManifest.xml:35:17-82
91            <meta-data
91-->[com.google.firebase:firebase-installations:17.0.0] AndroidManifest.xml:18:13-20:85
92                android:name="com.google.firebase.components:com.google.firebase.installations.FirebaseInstallationsRegistrar"
92-->[com.google.firebase:firebase-installations:17.0.0] AndroidManifest.xml:19:17-127
93                android:value="com.google.firebase.components.ComponentRegistrar" />
93-->[com.google.firebase:firebase-installations:17.0.0] AndroidManifest.xml:20:17-82
94        </service>
95
96        <provider
96-->[:react-native-firebase_app] AndroidManifest.xml:22:9-26:38
97            android:name="io.invertase.firebase.app.ReactNativeFirebaseAppInitProvider"
97-->[:react-native-firebase_app] AndroidManifest.xml:23:13-88
98            android:authorities="com.devamart.reactnativefirebaseappinitprovider"
98-->[:react-native-firebase_app] AndroidManifest.xml:24:13-86
99            android:exported="false"
99-->[:react-native-firebase_app] AndroidManifest.xml:25:13-37
100            android:initOrder="99" />
100-->[:react-native-firebase_app] AndroidManifest.xml:26:13-35
101
102        <service android:name="io.invertase.firebase.messaging.ReactNativeFirebaseMessagingHeadlessService" />
102-->[:react-native-firebase_messaging] AndroidManifest.xml:16:9-111
102-->[:react-native-firebase_messaging] AndroidManifest.xml:16:18-108
103        <service
103-->[:react-native-firebase_messaging] AndroidManifest.xml:17:9-23:19
104            android:name="io.invertase.firebase.messaging.ReactNativeFirebaseMessagingService"
104-->[:react-native-firebase_messaging] AndroidManifest.xml:18:13-95
105            android:exported="false" >
105-->[:react-native-firebase_messaging] AndroidManifest.xml:19:13-37
106            <intent-filter>
106-->[:react-native-firebase_messaging] AndroidManifest.xml:20:13-22:29
107                <action android:name="com.google.firebase.MESSAGING_EVENT" />
107-->[:react-native-firebase_messaging] AndroidManifest.xml:21:17-78
107-->[:react-native-firebase_messaging] AndroidManifest.xml:21:25-75
108            </intent-filter>
109        </service>
110
111        <receiver
111-->[:react-native-firebase_messaging] AndroidManifest.xml:25:9-32:20
112            android:name="io.invertase.firebase.messaging.ReactNativeFirebaseMessagingReceiver"
112-->[:react-native-firebase_messaging] AndroidManifest.xml:26:13-96
113            android:exported="true"
113-->[:react-native-firebase_messaging] AndroidManifest.xml:27:13-36
114            android:permission="com.google.android.c2dm.permission.SEND" >
114-->[:react-native-firebase_messaging] AndroidManifest.xml:28:13-73
115            <intent-filter>
115-->[:react-native-firebase_messaging] AndroidManifest.xml:29:13-31:29
116                <action android:name="com.google.android.c2dm.intent.RECEIVE" />
116-->[:react-native-firebase_messaging] AndroidManifest.xml:30:17-81
116-->[:react-native-firebase_messaging] AndroidManifest.xml:30:25-78
117            </intent-filter>
118        </receiver>
119
120        <meta-data
120-->[:react-native-firebase_messaging] AndroidManifest.xml:34:9-36:36
121            android:name="firebase_messaging_auto_init_enabled"
121-->[:react-native-firebase_messaging] AndroidManifest.xml:35:13-64
122            android:value="true" />
122-->[:react-native-firebase_messaging] AndroidManifest.xml:36:13-33
123        <meta-data
123-->[:react-native-firebase_messaging] AndroidManifest.xml:37:9-39:32
124            android:name="com.google.firebase.messaging.default_notification_channel_id"
124-->[:react-native-firebase_messaging] AndroidManifest.xml:38:13-89
125            android:value="" />
125-->[:react-native-firebase_messaging] AndroidManifest.xml:39:13-29
126        <meta-data
126-->[:react-native-firebase_messaging] AndroidManifest.xml:40:9-42:47
127            android:name="com.google.firebase.messaging.default_notification_color"
127-->[:react-native-firebase_messaging] AndroidManifest.xml:41:13-84
128            android:resource="@color/white" />
128-->[:react-native-firebase_messaging] AndroidManifest.xml:42:13-44
129
130        <provider
130-->[:react-native-image-picker] AndroidManifest.xml:12:9-20:20
131            android:name="com.imagepicker.ImagePickerProvider"
131-->[:react-native-image-picker] AndroidManifest.xml:13:13-63
132            android:authorities="com.devamart.imagepickerprovider"
132-->[:react-native-image-picker] AndroidManifest.xml:14:13-71
133            android:exported="false"
133-->[:react-native-image-picker] AndroidManifest.xml:15:13-37
134            android:grantUriPermissions="true" >
134-->[:react-native-image-picker] AndroidManifest.xml:16:13-47
135            <meta-data
135-->[:react-native-image-picker] AndroidManifest.xml:17:13-19:70
136                android:name="android.support.FILE_PROVIDER_PATHS"
136-->[:react-native-image-picker] AndroidManifest.xml:18:17-67
137                android:resource="@xml/imagepicker_provider_paths" />
137-->[:react-native-image-picker] AndroidManifest.xml:19:17-67
138        </provider>
139
140        <receiver
140-->[com.google.firebase:firebase-messaging:22.0.0] AndroidManifest.xml:28:9-35:20
141            android:name="com.google.firebase.iid.FirebaseInstanceIdReceiver"
141-->[com.google.firebase:firebase-messaging:22.0.0] AndroidManifest.xml:29:13-78
142            android:exported="true"
142-->[com.google.firebase:firebase-messaging:22.0.0] AndroidManifest.xml:30:13-36
143            android:permission="com.google.android.c2dm.permission.SEND" >
143-->[com.google.firebase:firebase-messaging:22.0.0] AndroidManifest.xml:31:13-73
144            <intent-filter>
144-->[:react-native-firebase_messaging] AndroidManifest.xml:29:13-31:29
145                <action android:name="com.google.android.c2dm.intent.RECEIVE" />
145-->[:react-native-firebase_messaging] AndroidManifest.xml:30:17-81
145-->[:react-native-firebase_messaging] AndroidManifest.xml:30:25-78
146            </intent-filter>
147        </receiver>
148        <!--
149             FirebaseMessagingService performs security checks at runtime,
150             but set to not exported to explicitly avoid allowing another app to call it.
151        -->
152        <service
152-->[com.google.firebase:firebase-messaging:22.0.0] AndroidManifest.xml:41:9-48:19
153            android:name="com.google.firebase.messaging.FirebaseMessagingService"
153-->[com.google.firebase:firebase-messaging:22.0.0] AndroidManifest.xml:42:13-82
154            android:directBootAware="true"
154-->[com.google.firebase:firebase-messaging:22.0.0] AndroidManifest.xml:43:13-43
155            android:exported="false" >
155-->[com.google.firebase:firebase-messaging:22.0.0] AndroidManifest.xml:44:13-37
156            <intent-filter android:priority="-500" >
156-->[:react-native-firebase_messaging] AndroidManifest.xml:20:13-22:29
157                <action android:name="com.google.firebase.MESSAGING_EVENT" />
157-->[:react-native-firebase_messaging] AndroidManifest.xml:21:17-78
157-->[:react-native-firebase_messaging] AndroidManifest.xml:21:25-75
158            </intent-filter>
159        </service>
160        <service
160-->[com.google.android.datatransport:transport-backend-cct:3.0.0] AndroidManifest.xml:29:9-35:19
161            android:name="com.google.android.datatransport.runtime.backends.TransportBackendDiscovery"
161-->[com.google.android.datatransport:transport-backend-cct:3.0.0] AndroidManifest.xml:30:13-103
162            android:exported="false" >
162-->[com.google.android.datatransport:transport-backend-cct:3.0.0] AndroidManifest.xml:31:13-37
163            <meta-data
163-->[com.google.android.datatransport:transport-backend-cct:3.0.0] AndroidManifest.xml:32:13-34:39
164                android:name="backend:com.google.android.datatransport.cct.CctBackendFactory"
164-->[com.google.android.datatransport:transport-backend-cct:3.0.0] AndroidManifest.xml:33:17-94
165                android:value="cct" />
165-->[com.google.android.datatransport:transport-backend-cct:3.0.0] AndroidManifest.xml:34:17-36
166        </service>
167        <service
167-->[com.google.android.datatransport:transport-runtime:3.0.0] AndroidManifest.xml:26:9-30:19
168            android:name="com.google.android.datatransport.runtime.scheduling.jobscheduling.JobInfoSchedulerService"
168-->[com.google.android.datatransport:transport-runtime:3.0.0] AndroidManifest.xml:27:13-117
169            android:exported="false"
169-->[com.google.android.datatransport:transport-runtime:3.0.0] AndroidManifest.xml:28:13-37
170            android:permission="android.permission.BIND_JOB_SERVICE" >
170-->[com.google.android.datatransport:transport-runtime:3.0.0] AndroidManifest.xml:29:13-69
171        </service>
172
173        <receiver
173-->[com.google.android.datatransport:transport-runtime:3.0.0] AndroidManifest.xml:32:9-34:40
174            android:name="com.google.android.datatransport.runtime.scheduling.jobscheduling.AlarmManagerSchedulerBroadcastReceiver"
174-->[com.google.android.datatransport:transport-runtime:3.0.0] AndroidManifest.xml:33:13-132
175            android:exported="false" />
175-->[com.google.android.datatransport:transport-runtime:3.0.0] AndroidManifest.xml:34:13-37
176
177        <activity
177-->[com.google.android.gms:play-services-auth:19.2.0] AndroidManifest.xml:23:9-27:75
178            android:name="com.google.android.gms.auth.api.signin.internal.SignInHubActivity"
178-->[com.google.android.gms:play-services-auth:19.2.0] AndroidManifest.xml:24:13-93
179            android:excludeFromRecents="true"
179-->[com.google.android.gms:play-services-auth:19.2.0] AndroidManifest.xml:25:13-46
180            android:exported="false"
180-->[com.google.android.gms:play-services-auth:19.2.0] AndroidManifest.xml:26:13-37
181            android:theme="@android:style/Theme.Translucent.NoTitleBar" />
181-->[com.google.android.gms:play-services-auth:19.2.0] AndroidManifest.xml:27:13-72
182        <!--
183            Service handling Google Sign-In user revocation. For apps that do not integrate with
184            Google Sign-In, this service will never be started.
185        -->
186        <service
186-->[com.google.android.gms:play-services-auth:19.2.0] AndroidManifest.xml:33:9-37:51
187            android:name="com.google.android.gms.auth.api.signin.RevocationBoundService"
187-->[com.google.android.gms:play-services-auth:19.2.0] AndroidManifest.xml:34:13-89
188            android:exported="true"
188-->[com.google.android.gms:play-services-auth:19.2.0] AndroidManifest.xml:35:13-36
189            android:permission="com.google.android.gms.auth.api.signin.permission.REVOCATION_NOTIFICATION"
189-->[com.google.android.gms:play-services-auth:19.2.0] AndroidManifest.xml:36:13-107
190            android:visibleToInstantApps="true" />
190-->[com.google.android.gms:play-services-auth:19.2.0] AndroidManifest.xml:37:13-48
191
192        <activity
192-->[com.google.android.gms:play-services-base:17.5.0] AndroidManifest.xml:23:9-26:75
193            android:name="com.google.android.gms.common.api.GoogleApiActivity"
193-->[com.google.android.gms:play-services-base:17.5.0] AndroidManifest.xml:24:13-79
194            android:exported="false"
194-->[com.google.android.gms:play-services-base:17.5.0] AndroidManifest.xml:25:13-37
195            android:theme="@android:style/Theme.Translucent.NoTitleBar" />
195-->[com.google.android.gms:play-services-base:17.5.0] AndroidManifest.xml:26:13-72
196
197        <provider
197-->[com.google.firebase:firebase-common:20.0.0] AndroidManifest.xml:26:9-31:39
198            android:name="com.google.firebase.provider.FirebaseInitProvider"
198-->[com.google.firebase:firebase-common:20.0.0] AndroidManifest.xml:27:13-77
199            android:authorities="com.devamart.firebaseinitprovider"
199-->[com.google.firebase:firebase-common:20.0.0] AndroidManifest.xml:28:13-72
200            android:directBootAware="true"
200-->[com.google.firebase:firebase-common:20.0.0] AndroidManifest.xml:29:13-43
201            android:exported="false"
201-->[com.google.firebase:firebase-common:20.0.0] AndroidManifest.xml:30:13-37
202            android:initOrder="100" />
202-->[com.google.firebase:firebase-common:20.0.0] AndroidManifest.xml:31:13-36
203
204        <meta-data
204-->[com.google.android.gms:play-services-basement:17.5.0] AndroidManifest.xml:23:9-25:69
205            android:name="com.google.android.gms.version"
205-->[com.google.android.gms:play-services-basement:17.5.0] AndroidManifest.xml:24:13-58
206            android:value="@integer/google_play_services_version" />
206-->[com.google.android.gms:play-services-basement:17.5.0] AndroidManifest.xml:25:13-66
207    </application>
208
209</manifest>